TN:
SF:lib/app.dart
FNF:0
FNH:0
DA:9,1
DA:11,1
DA:13,1
DA:14,1
DA:15,1
DA:16,1
DA:18,1
DA:21,1
LF:8
LH:8
end_of_record
TN:
SF:lib/data/app_exceptions.dart
FNF:0
FNH:0
DA:4,2
DA:6,1
DA:8,3
DA:13,1
DA:14,1
DA:18,2
LF:6
LH:6
end_of_record
TN:
SF:lib/data/network/network_api_services.dart
FNF:0
FNH:0
DA:8,4
DA:13,12
DA:14,2
DA:15,1
DA:16,0
DA:22,2
DA:23,2
DA:24,2
DA:25,2
DA:27,1
DA:28,3
DA:30,0
DA:31,0
LF:13
LH:10
end_of_record
TN:
SF:lib/data/response/api_response.dart
FNF:0
FNH:0
DA:8,1
DA:10,3
DA:11,0
DA:12,1
DA:14,1
DA:16,4
LF:6
LH:5
end_of_record
TN:
SF:lib/models/book.dart
FNF:0
FNH:0
DA:19,1
DA:37,1
DA:38,2
DA:39,2
DA:40,2
DA:41,2
DA:42,2
DA:43,2
DA:44,2
DA:45,2
DA:46,2
DA:47,2
DA:48,2
DA:49,2
DA:50,2
DA:51,2
DA:52,2
DA:53,3
DA:56,1
DA:57,1
DA:58,2
DA:59,2
DA:60,2
DA:61,2
DA:62,2
DA:63,2
DA:64,2
DA:65,2
DA:66,2
DA:67,2
DA:68,2
DA:69,2
DA:70,2
DA:71,2
DA:72,2
DA:73,2
LF:36
LH:36
end_of_record
TN:
SF:lib/models/books.dart
FNF:0
FNH:0
DA:7,1
DA:9,1
DA:10,2
DA:11,2
DA:12,2
DA:13,1
DA:14,2
DA:15,3
DA:16,3
DA:21,1
DA:22,1
DA:23,2
DA:24,2
DA:25,2
DA:26,1
DA:27,6
DA:40,1
DA:48,1
DA:49,2
DA:50,2
DA:51,2
DA:52,2
DA:53,2
DA:54,2
DA:57,1
DA:58,1
DA:59,2
DA:60,2
DA:61,2
DA:62,2
DA:63,2
DA:64,2
LF:32
LH:32
end_of_record
TN:
SF:lib/pages/details.dart
FNF:0
FNH:0
DA:9,0
DA:11,0
DA:15,0
DA:16,0
DA:18,0
DA:19,0
DA:21,0
DA:23,0
DA:26,0
DA:27,0
DA:28,0
DA:29,0
DA:30,0
DA:32,0
DA:33,0
DA:34,0
DA:36,0
DA:37,0
DA:40,0
DA:41,0
DA:43,0
DA:44,0
DA:45,0
DA:46,0
DA:47,0
DA:48,0
DA:49,0
DA:50,0
DA:62,0
DA:63,0
DA:71,0
DA:72,0
DA:89,0
DA:90,0
DA:104,0
DA:105,0
DA:107,0
DA:108,0
DA:109,0
DA:111,0
DA:112,0
DA:114,0
DA:115,0
DA:117,0
DA:118,0
DA:120,0
DA:121,0
DA:123,0
DA:124,0
DA:126,0
DA:127,0
DA:129,0
DA:130,0
DA:132,0
DA:133,0
DA:138,0
DA:139,0
DA:146,0
DA:161,0
DA:163,0
DA:165,0
DA:166,0
DA:167,0
LF:63
LH:0
end_of_record
TN:
SF:lib/pages/home.dart
FNF:0
FNH:0
DA:8,1
DA:10,1
DA:11,1
DA:17,1
DA:19,2
DA:20,1
DA:23,1
DA:25,1
DA:26,1
DA:27,1
DA:28,2
DA:29,2
DA:30,2
DA:31,1
DA:33,0
DA:34,0
DA:35,0
DA:36,0
DA:38,0
DA:39,0
DA:40,0
DA:41,0
DA:42,0
DA:43,0
DA:45,0
DA:46,0
DA:47,0
DA:50,0
DA:53,0
DA:54,0
DA:55,0
DA:56,0
DA:57,0
DA:58,0
DA:68,0
DA:69,0
DA:70,0
DA:71,0
DA:72,0
DA:73,0
DA:80,0
LF:41
LH:14
end_of_record
TN:
SF:lib/repository/books_repository.dart
FNF:0
FNH:0
DA:10,3
DA:12,6
DA:13,1
DA:19,2
DA:20,2
DA:22,4
DA:23,1
LF:7
LH:7
end_of_record
TN:
SF:lib/routes/routes.dart
FNF:0
FNH:0
DA:7,1
DA:8,1
DA:9,1
DA:10,1
DA:11,1
DA:13,0
DA:14,0
DA:16,0
DA:19,0
LF:9
LH:5
end_of_record
TN:
SF:lib/view_model/book_view_model.dart
FNF:0
FNH:0
DA:11,1
DA:12,1
DA:13,1
DA:16,1
DA:17,2
DA:18,3
DA:19,0
DA:20,1
DA:21,0
LF:9
LH:7
end_of_record
TN:
SF:lib/view_model/books_view_model.dart
FNF:0
FNH:0
DA:11,2
DA:12,2
DA:13,2
DA:16,2
DA:17,4
DA:18,6
DA:19,0
DA:20,3
DA:21,3
LF:9
LH:8
end_of_record
